(nodetrunk_37) E:\NodeTrunk3>pip install pygraphviz
Collecting pygraphviz
  Using cached pygraphviz-1.5.zip (117 kB)
Building wheels for collected packages: pygraphviz
  Building wheel for pygraphviz (setup.py) ... error
  ERROR: Command errored out with exit status 1:
   command: 'C:\Users\XLXJ\anaconda3\envs\nodetrunk_37\python.exe' -u -c 'import sys, setuptools, tokenize; sys.argv[0] = '"'"'C:\\Users\\XLXJ\\AppData\\Local\\Temp\\pip-install-xa33gtp1\\pygraphviz\\setup.py'"'"'; __file__='"'"'C:\\Users\\XLXJ\\AppData\\Local\\Temp\\pip-install-xa33gtp1\\pygraphviz\\setup.py'"'"';f=getattr(tokenize, '"'"'open'"'"', open)(__file__);code=f.read().replace('"'"'\r\n'"'"', '"'"'\n'"'"');f.close();exec(compile(code, __file__, '"'"'exec'"'"'))' bdist_wheel -d 'C:\Users\XLXJ\AppData\Local\Temp\pip-wheel-qaurofo_'
       cwd: C:\Users\XLXJ\AppData\Local\Temp\pip-install-xa33gtp1\pygraphviz\
  Complete output (54 lines):
  running bdist_wheel
  running build
  running build_py
  creating build
  creating build\lib.win-amd64-3.7
  creating build\lib.win-amd64-3.7\pygraphviz
  copying pygraphviz\agraph.py -> build\lib.win-amd64-3.7\pygraphviz
  copying pygraphviz\graphviz.py -> build\lib.win-amd64-3.7\pygraphviz
  copying pygraphviz\release.py -> build\lib.win-amd64-3.7\pygraphviz
  copying pygraphviz\version.py -> build\lib.win-amd64-3.7\pygraphviz
  copying pygraphviz\__init__.py -> build\lib.win-amd64-3.7\pygraphviz
  creating build\lib.win-amd64-3.7\pygraphviz\tests
  copying pygraphviz\tests\test.py -> build\lib.win-amd64-3.7\pygraphviz\tests
  copying pygraphviz\tests\test_attributes.py -> build\lib.win-amd64-3.7\pygraphviz\tests
  copying pygraphviz\tests\test_attribute_defaults.py -> build\lib.win-amd64-3.7\pygraphviz\tests
  copying pygraphviz\tests\test_clear.py -> build\lib.win-amd64-3.7\pygraphviz\tests
  copying pygraphviz\tests\test_drawing.py -> build\lib.win-amd64-3.7\pygraphviz\tests
  copying pygraphviz\tests\test_edge_attributes.py -> build\lib.win-amd64-3.7\pygraphviz\tests
  copying pygraphviz\tests\test_graph.py -> build\lib.win-amd64-3.7\pygraphviz\tests
  copying pygraphviz\tests\test_html.py -> build\lib.win-amd64-3.7\pygraphviz\tests
  copying pygraphviz\tests\test_layout.py -> build\lib.win-amd64-3.7\pygraphviz\tests
  copying pygraphviz\tests\test_node_attributes.py -> build\lib.win-amd64-3.7\pygraphviz\tests
  copying pygraphviz\tests\test_readwrite.py -> build\lib.win-amd64-3.7\pygraphviz\tests
  copying pygraphviz\tests\test_setup.py -> build\lib.win-amd64-3.7\pygraphviz\tests
  copying pygraphviz\tests\test_string.py -> build\lib.win-amd64-3.7\pygraphviz\tests
  copying pygraphviz\tests\test_subgraph.py -> build\lib.win-amd64-3.7\pygraphviz\tests
  copying pygraphviz\tests\test_unicode.py -> build\lib.win-amd64-3.7\pygraphviz\tests
  copying pygraphviz\tests\__init__.py -> build\lib.win-amd64-3.7\pygraphviz\tests
  running egg_info
  writing pygraphviz.egg-info\PKG-INFO
  writing dependency_links to pygraphviz.egg-info\dependency_links.txt
  writing top-level names to pygraphviz.egg-info\top_level.txt
  reading manifest file 'pygraphviz.egg-info\SOURCES.txt'
  reading manifest template 'MANIFEST.in'
  warning: no files found matching '*.png' under directory 'doc'
  warning: no files found matching '*.html' under directory 'doc'
  warning: no files found matching '*.txt' under directory 'doc'
  warning: no files found matching '*.css' under directory 'doc'
  warning: no previously-included files matching '*~' found anywhere in distribution
  warning: no previously-included files matching '*.pyc' found anywhere in distribution
  warning: no previously-included files matching '.svn' found anywhere in distribution
  no previously-included directories found matching 'doc\build'
  writing manifest file 'pygraphviz.egg-info\SOURCES.txt'
  copying pygraphviz\graphviz.i -> build\lib.win-amd64-3.7\pygraphviz
  copying pygraphviz\graphviz_wrap.c -> build\lib.win-amd64-3.7\pygraphviz
  running build_ext
  building 'pygraphviz._graphviz' extension
  creating build\temp.win-amd64-3.7
  creating build\temp.win-amd64-3.7\Release
  creating build\temp.win-amd64-3.7\Release\pygraphviz
  C:\Program Files (x86)\Microsoft Visual Studio 14.0\VC\BIN\x86_amd64\cl.exe /c /nologo /Ox /W3 /GL /DNDEBUG /MD -IC:\Users\XLXJ\anaconda3\envs\nodetrunk_37\include -IC:\Users\XLXJ\anaconda3\envs\nodetrunk_37\include "-IC:\Program Files (x86)\Microsoft Visual Studio 14.0\VC\INCLUDE" "-IC:\Program Files (x86)\Windows Kits\10\include\10.0.10240.0\ucrt" /Tcpygraphviz/graphviz_wrap.c /Fobuild\temp.win-amd64-3.7\Release\pygraphviz/graphviz_wrap.obj
  graphviz_wrap.c
  c:\users\xlxj\anaconda3\envs\nodetrunk_37\include\pyconfig.h(203): fatal error C1083: Cannot open include file: 'basetsd.h': No such file or directory
  error: command 'C:\\Program Files (x86)\\Microsoft Visual Studio 14.0\\VC\\BIN\\x86_amd64\\cl.exe' failed with exit status 2
  ----------------------------------------
  ERROR: Failed building wheel for pygraphviz
  Running setup.py clean for pygraphviz
Failed to build pygraphviz
Installing collected packages: pygraphviz
    Running setup.py install for pygraphviz ... error
    ERROR: Command errored out with exit status 1:
     command: 'C:\Users\XLXJ\anaconda3\envs\nodetrunk_37\python.exe' -u -c 'import sys, setuptools, tokenize; sys.argv[0] = '"'"'C:\\Users\\XLXJ\\AppData\\Local\\Temp\\pip-install-xa33gtp1\\pygraphviz\\setup.py'"'"'; __file__='"'"'C:\\Users\\XLXJ\\AppData\\Local\\Temp\\pip-install-xa33gtp1\\pygraphviz\\setup.py'"'"';f=getattr(tokenize, '"'"'open'"'"', open)(__file__);code=f.read().replace('"'"'\r\n'"'"', '"'"'\n'"'"');f.close();exec(compile(code, __file__, '"'"'exec'"'"'))' install --record 'C:\Users\XLXJ\AppData\Local\Temp\pip-record-n3vwwspu\install-record.txt' --single-version-externally-managed --compile --install-headers 'C:\Users\XLXJ\anaconda3\envs\nodetrunk_37\Include\pygraphviz'
         cwd: C:\Users\XLXJ\AppData\Local\Temp\pip-install-xa33gtp1\pygraphviz\
    Complete output (56 lines):
    running install
    include_dirs=None
    library_dirs=None
    running build
    running build_py
    creating build
    creating build\lib.win-amd64-3.7
    creating build\lib.win-amd64-3.7\pygraphviz
    copying pygraphviz\agraph.py -> build\lib.win-amd64-3.7\pygraphviz
    copying pygraphviz\graphviz.py -> build\lib.win-amd64-3.7\pygraphviz
    copying pygraphviz\release.py -> build\lib.win-amd64-3.7\pygraphviz
    copying pygraphviz\version.py -> build\lib.win-amd64-3.7\pygraphviz
    copying pygraphviz\__init__.py -> build\lib.win-amd64-3.7\pygraphviz
    creating build\lib.win-amd64-3.7\pygraphviz\tests
    copying pygraphviz\tests\test.py -> build\lib.win-amd64-3.7\pygraphviz\tests
    copying pygraphviz\tests\test_attributes.py -> build\lib.win-amd64-3.7\pygraphviz\tests
    copying pygraphviz\tests\test_attribute_defaults.py -> build\lib.win-amd64-3.7\pygraphviz\tests
    copying pygraphviz\tests\test_clear.py -> build\lib.win-amd64-3.7\pygraphviz\tests
    copying pygraphviz\tests\test_drawing.py -> build\lib.win-amd64-3.7\pygraphviz\tests
    copying pygraphviz\tests\test_edge_attributes.py -> build\lib.win-amd64-3.7\pygraphviz\tests
    copying pygraphviz\tests\test_graph.py -> build\lib.win-amd64-3.7\pygraphviz\tests
    copying pygraphviz\tests\test_html.py -> build\lib.win-amd64-3.7\pygraphviz\tests
    copying pygraphviz\tests\test_layout.py -> build\lib.win-amd64-3.7\pygraphviz\tests
    copying pygraphviz\tests\test_node_attributes.py -> build\lib.win-amd64-3.7\pygraphviz\tests
    copying pygraphviz\tests\test_readwrite.py -> build\lib.win-amd64-3.7\pygraphviz\tests
    copying pygraphviz\tests\test_setup.py -> build\lib.win-amd64-3.7\pygraphviz\tests
    copying pygraphviz\tests\test_string.py -> build\lib.win-amd64-3.7\pygraphviz\tests
    copying pygraphviz\tests\test_subgraph.py -> build\lib.win-amd64-3.7\pygraphviz\tests
    copying pygraphviz\tests\test_unicode.py -> build\lib.win-amd64-3.7\pygraphviz\tests
    copying pygraphviz\tests\__init__.py -> build\lib.win-amd64-3.7\pygraphviz\tests
    running egg_info
    writing pygraphviz.egg-info\PKG-INFO
    writing dependency_links to pygraphviz.egg-info\dependency_links.txt
    writing top-level names to pygraphviz.egg-info\top_level.txt
    reading manifest file 'pygraphviz.egg-info\SOURCES.txt'
    reading manifest template 'MANIFEST.in'
    warning: no files found matching '*.png' under directory 'doc'
    warning: no files found matching '*.html' under directory 'doc'
    warning: no files found matching '*.txt' under directory 'doc'
    warning: no files found matching '*.css' under directory 'doc'
    warning: no previously-included files matching '*~' found anywhere in distribution
    warning: no previously-included files matching '*.pyc' found anywhere in distribution
    warning: no previously-included files matching '.svn' found anywhere in distribution
    no previously-included directories found matching 'doc\build'
    writing manifest file 'pygraphviz.egg-info\SOURCES.txt'
    copying pygraphviz\graphviz.i -> build\lib.win-amd64-3.7\pygraphviz
    copying pygraphviz\graphviz_wrap.c -> build\lib.win-amd64-3.7\pygraphviz
    running build_ext
    building 'pygraphviz._graphviz' extension
    creating build\temp.win-amd64-3.7
    creating build\temp.win-amd64-3.7\Release
    creating build\temp.win-amd64-3.7\Release\pygraphviz
    C:\Program Files (x86)\Microsoft Visual Studio 14.0\VC\BIN\x86_amd64\cl.exe /c /nologo /Ox /W3 /GL /DNDEBUG /MD -IC:\Users\XLXJ\anaconda3\envs\nodetrunk_37\include -IC:\Users\XLXJ\anaconda3\envs\nodetrunk_37\include "-IC:\Program Files (x86)\Microsoft Visual Studio 14.0\VC\INCLUDE" "-IC:\Program Files (x86)\Windows Kits\10\include\10.0.10240.0\ucrt" /Tcpygraphviz/graphviz_wrap.c /Fobuild\temp.win-amd64-3.7\Release\pygraphviz/graphviz_wrap.obj
    graphviz_wrap.c
    c:\users\xlxj\anaconda3\envs\nodetrunk_37\include\pyconfig.h(203): fatal error C1083: Cannot open include file: 'basetsd.h': No such file or directory
    error: command 'C:\\Program Files (x86)\\Microsoft Visual Studio 14.0\\VC\\BIN\\x86_amd64\\cl.exe' failed with exit status 2
    ----------------------------------------
ERROR: Command errored out with exit status 1: 'C:\Users\XLXJ\anaconda3\envs\nodetrunk_37\python.exe' -u -c 'import sys, setuptools, tokenize; sys.argv[0] = '"'"'C:\\Users\\XLXJ\\AppData\\Local\\Temp\\pip-install-xa33gtp1\\pygraphviz\\setup.py'"'"'; __file__='"'"'C:\\Users\\XLXJ\\AppData\\Local\\Temp\\pip-install-xa33gtp1\\pygraphviz\\setup.py'"'"';f=getattr(tokenize, '"'"'open'"'"', open)(__file__);code=f.read().replace('"'"'\r\n'"'"', '"'"'\n'"'"');f.close();exec(compile(code, __file__, '"'"'exec'"'"'))' install --record 'C:\Users\XLXJ\AppData\Local\Temp\pip-record-n3vwwspu\install-record.txt' --single-version-externally-managed --compile --install-headers 'C:\Users\XLXJ\anaconda3\envs\nodetrunk_37\Include\pygraphviz' Check the logs for full command output.

(nodetrunk_37) E:\NodeTrunk3>

(nodetrunk_37) E:\NodeTrunk3>pip install pygraphviz
Collecting pygraphviz
  Using cached pygraphviz-1.5.zip (117 kB)
Building wheels for collected packages: pygraphviz
  Building wheel for pygraphviz (setup.py) ... error
  ERROR: Command errored out with exit status 1:
   command: 'C:\Users\XLXJ\anaconda3\envs\nodetrunk_37\python.exe' -u -c 'import sys, setuptools, tokenize; sys.argv[0] = '"'"'C:\\Users\\XLXJ\\AppData\\Local\\Temp\\pip-install-gdtvfsr_\\pygraphviz\\setup.py'"'"'; __file__='"'"'C:\\Users\\XLXJ\\AppData\\Local\\Temp\\pip-install-gdtvfsr_\\pygraphviz\\setup.py'"'"';f=getattr(tokenize, '"'"'open'"'"', open)(__file__);code=f.read().replace('"'"'\r\n'"'"', '"'"'\n'"'"');f.close();exec(compile(code, __file__, '"'"'exec'"'"'))' bdist_wheel -d 'C:\Users\XLXJ\AppData\Local\Temp\pip-wheel-hilqpz73'
       cwd: C:\Users\XLXJ\AppData\Local\Temp\pip-install-gdtvfsr_\pygraphviz\
  Complete output (54 lines):
  running bdist_wheel
  running build
  running build_py
  creating build
  creating build\lib.win-amd64-3.7
  creating build\lib.win-amd64-3.7\pygraphviz
  copying pygraphviz\agraph.py -> build\lib.win-amd64-3.7\pygraphviz
  copying pygraphviz\graphviz.py -> build\lib.win-amd64-3.7\pygraphviz
  copying pygraphviz\release.py -> build\lib.win-amd64-3.7\pygraphviz
  copying pygraphviz\version.py -> build\lib.win-amd64-3.7\pygraphviz
  copying pygraphviz\__init__.py -> build\lib.win-amd64-3.7\pygraphviz
  creating build\lib.win-amd64-3.7\pygraphviz\tests
  copying pygraphviz\tests\test.py -> build\lib.win-amd64-3.7\pygraphviz\tests
  copying pygraphviz\tests\test_attributes.py -> build\lib.win-amd64-3.7\pygraphviz\tests
  copying pygraphviz\tests\test_attribute_defaults.py -> build\lib.win-amd64-3.7\pygraphviz\tests
  copying pygraphviz\tests\test_clear.py -> build\lib.win-amd64-3.7\pygraphviz\tests
  copying pygraphviz\tests\test_drawing.py -> build\lib.win-amd64-3.7\pygraphviz\tests
  copying pygraphviz\tests\test_edge_attributes.py -> build\lib.win-amd64-3.7\pygraphviz\tests
  copying pygraphviz\tests\test_graph.py -> build\lib.win-amd64-3.7\pygraphviz\tests
  copying pygraphviz\tests\test_html.py -> build\lib.win-amd64-3.7\pygraphviz\tests
  copying pygraphviz\tests\test_layout.py -> build\lib.win-amd64-3.7\pygraphviz\tests
  copying pygraphviz\tests\test_node_attributes.py -> build\lib.win-amd64-3.7\pygraphviz\tests
  copying pygraphviz\tests\test_readwrite.py -> build\lib.win-amd64-3.7\pygraphviz\tests
  copying pygraphviz\tests\test_setup.py -> build\lib.win-amd64-3.7\pygraphviz\tests
  copying pygraphviz\tests\test_string.py -> build\lib.win-amd64-3.7\pygraphviz\tests
  copying pygraphviz\tests\test_subgraph.py -> build\lib.win-amd64-3.7\pygraphviz\tests
  copying pygraphviz\tests\test_unicode.py -> build\lib.win-amd64-3.7\pygraphviz\tests
  copying pygraphviz\tests\__init__.py -> build\lib.win-amd64-3.7\pygraphviz\tests
  running egg_info
  writing pygraphviz.egg-info\PKG-INFO
  writing dependency_links to pygraphviz.egg-info\dependency_links.txt
  writing top-level names to pygraphviz.egg-info\top_level.txt
  reading manifest file 'pygraphviz.egg-info\SOURCES.txt'
  reading manifest template 'MANIFEST.in'
  warning: no files found matching '*.png' under directory 'doc'
  warning: no files found matching '*.html' under directory 'doc'
  warning: no files found matching '*.txt' under directory 'doc'
  warning: no files found matching '*.css' under directory 'doc'
  warning: no previously-included files matching '*~' found anywhere in distribution
  warning: no previously-included files matching '*.pyc' found anywhere in distribution
  warning: no previously-included files matching '.svn' found anywhere in distribution
  no previously-included directories found matching 'doc\build'
  writing manifest file 'pygraphviz.egg-info\SOURCES.txt'
  copying pygraphviz\graphviz.i -> build\lib.win-amd64-3.7\pygraphviz
  copying pygraphviz\graphviz_wrap.c -> build\lib.win-amd64-3.7\pygraphviz
  running build_ext
  building 'pygraphviz._graphviz' extension
  creating build\temp.win-amd64-3.7
  creating build\temp.win-amd64-3.7\Release
  creating build\temp.win-amd64-3.7\Release\pygraphviz
  C:\Program Files (x86)\Microsoft Visual Studio 14.0\VC\BIN\x86_amd64\cl.exe /c /nologo /Ox /W3 /GL /DNDEBUG /MD -IC:\Users\XLXJ\anaconda3\envs\nodetrunk_37\include -IC:\Users\XLXJ\anaconda3\envs\nodetrunk_37\include "-IC:\Program Files (x86)\Microsoft Visual Studio 14.0\VC\INCLUDE" "-IC:\Program Files (x86)\Windows Kits\10\include\10.0.10240.0\ucrt" /Tcpygraphviz/graphviz_wrap.c /Fobuild\temp.win-amd64-3.7\Release\pygraphviz/graphviz_wrap.obj
  graphviz_wrap.c
  pygraphviz/graphviz_wrap.c(2987): fatal error C1083: Cannot open include file: 'graphviz/cgraph.h': No such file or directory
  error: command 'C:\\Program Files (x86)\\Microsoft Visual Studio 14.0\\VC\\BIN\\x86_amd64\\cl.exe' failed with exit status 2
  ----------------------------------------
  ERROR: Failed building wheel for pygraphviz
  Running setup.py clean for pygraphviz
Failed to build pygraphviz
Installing collected packages: pygraphviz
    Running setup.py install for pygraphviz ... error
    ERROR: Command errored out with exit status 1:
     command: 'C:\Users\XLXJ\anaconda3\envs\nodetrunk_37\python.exe' -u -c 'import sys, setuptools, tokenize; sys.argv[0] = '"'"'C:\\Users\\XLXJ\\AppData\\Local\\Temp\\pip-install-gdtvfsr_\\pygraphviz\\setup.py'"'"'; __file__='"'"'C:\\Users\\XLXJ\\AppData\\Local\\Temp\\pip-install-gdtvfsr_\\pygraphviz\\setup.py'"'"';f=getattr(tokenize, '"'"'open'"'"', open)(__file__);code=f.read().replace('"'"'\r\n'"'"', '"'"'\n'"'"');f.close();exec(compile(code, __file__, '"'"'exec'"'"'))' install --record 'C:\Users\XLXJ\AppData\Local\Temp\pip-record-oltn_1w1\install-record.txt' --single-version-externally-managed --compile --install-headers 'C:\Users\XLXJ\anaconda3\envs\nodetrunk_37\Include\pygraphviz'
         cwd: C:\Users\XLXJ\AppData\Local\Temp\pip-install-gdtvfsr_\pygraphviz\
    Complete output (56 lines):
    running install
    include_dirs=None
    library_dirs=None
    running build
    running build_py
    creating build
    creating build\lib.win-amd64-3.7
    creating build\lib.win-amd64-3.7\pygraphviz
    copying pygraphviz\agraph.py -> build\lib.win-amd64-3.7\pygraphviz
    copying pygraphviz\graphviz.py -> build\lib.win-amd64-3.7\pygraphviz
    copying pygraphviz\release.py -> build\lib.win-amd64-3.7\pygraphviz
    copying pygraphviz\version.py -> build\lib.win-amd64-3.7\pygraphviz
    copying pygraphviz\__init__.py -> build\lib.win-amd64-3.7\pygraphviz
    creating build\lib.win-amd64-3.7\pygraphviz\tests
    copying pygraphviz\tests\test.py -> build\lib.win-amd64-3.7\pygraphviz\tests
    copying pygraphviz\tests\test_attributes.py -> build\lib.win-amd64-3.7\pygraphviz\tests
    copying pygraphviz\tests\test_attribute_defaults.py -> build\lib.win-amd64-3.7\pygraphviz\tests
    copying pygraphviz\tests\test_clear.py -> build\lib.win-amd64-3.7\pygraphviz\tests
    copying pygraphviz\tests\test_drawing.py -> build\lib.win-amd64-3.7\pygraphviz\tests
    copying pygraphviz\tests\test_edge_attributes.py -> build\lib.win-amd64-3.7\pygraphviz\tests
    copying pygraphviz\tests\test_graph.py -> build\lib.win-amd64-3.7\pygraphviz\tests
    copying pygraphviz\tests\test_html.py -> build\lib.win-amd64-3.7\pygraphviz\tests
    copying pygraphviz\tests\test_layout.py -> build\lib.win-amd64-3.7\pygraphviz\tests
    copying pygraphviz\tests\test_node_attributes.py -> build\lib.win-amd64-3.7\pygraphviz\tests
    copying pygraphviz\tests\test_readwrite.py -> build\lib.win-amd64-3.7\pygraphviz\tests
    copying pygraphviz\tests\test_setup.py -> build\lib.win-amd64-3.7\pygraphviz\tests
    copying pygraphviz\tests\test_string.py -> build\lib.win-amd64-3.7\pygraphviz\tests
    copying pygraphviz\tests\test_subgraph.py -> build\lib.win-amd64-3.7\pygraphviz\tests
    copying pygraphviz\tests\test_unicode.py -> build\lib.win-amd64-3.7\pygraphviz\tests
    copying pygraphviz\tests\__init__.py -> build\lib.win-amd64-3.7\pygraphviz\tests
    running egg_info
    writing pygraphviz.egg-info\PKG-INFO
    writing dependency_links to pygraphviz.egg-info\dependency_links.txt
    writing top-level names to pygraphviz.egg-info\top_level.txt
    reading manifest file 'pygraphviz.egg-info\SOURCES.txt'
    reading manifest template 'MANIFEST.in'
    warning: no files found matching '*.png' under directory 'doc'
    warning: no files found matching '*.html' under directory 'doc'
    warning: no files found matching '*.txt' under directory 'doc'
    warning: no files found matching '*.css' under directory 'doc'
    warning: no previously-included files matching '*~' found anywhere in distribution
    warning: no previously-included files matching '*.pyc' found anywhere in distribution
    warning: no previously-included files matching '.svn' found anywhere in distribution
    no previously-included directories found matching 'doc\build'
    writing manifest file 'pygraphviz.egg-info\SOURCES.txt'
    copying pygraphviz\graphviz.i -> build\lib.win-amd64-3.7\pygraphviz
    copying pygraphviz\graphviz_wrap.c -> build\lib.win-amd64-3.7\pygraphviz
    running build_ext
    building 'pygraphviz._graphviz' extension
    creating build\temp.win-amd64-3.7
    creating build\temp.win-amd64-3.7\Release
    creating build\temp.win-amd64-3.7\Release\pygraphviz
    C:\Program Files (x86)\Microsoft Visual Studio 14.0\VC\BIN\x86_amd64\cl.exe /c /nologo /Ox /W3 /GL /DNDEBUG /MD -IC:\Users\XLXJ\anaconda3\envs\nodetrunk_37\include -IC:\Users\XLXJ\anaconda3\envs\nodetrunk_37\include "-IC:\Program Files (x86)\Microsoft Visual Studio 14.0\VC\INCLUDE" "-IC:\Program Files (x86)\Windows Kits\10\include\10.0.10240.0\ucrt" /Tcpygraphviz/graphviz_wrap.c /Fobuild\temp.win-amd64-3.7\Release\pygraphviz/graphviz_wrap.obj
    graphviz_wrap.c
    pygraphviz/graphviz_wrap.c(2987): fatal error C1083: Cannot open include file: 'graphviz/cgraph.h': No such file or directory
    error: command 'C:\\Program Files (x86)\\Microsoft Visual Studio 14.0\\VC\\BIN\\x86_amd64\\cl.exe' failed with exit status 2
    ----------------------------------------
ERROR: Command errored out with exit status 1: 'C:\Users\XLXJ\anaconda3\envs\nodetrunk_37\python.exe' -u -c 'import sys, setuptools, tokenize; sys.argv[0] = '"'"'C:\\Users\\XLXJ\\AppData\\Local\\Temp\\pip-install-gdtvfsr_\\pygraphviz\\setup.py'"'"'; __file__='"'"'C:\\Users\\XLXJ\\AppData\\Local\\Temp\\pip-install-gdtvfsr_\\pygraphviz\\setup.py'"'"';f=getattr(tokenize, '"'"'open'"'"', open)(__file__);code=f.read().replace('"'"'\r\n'"'"', '"'"'\n'"'"');f.close();exec(compile(code, __file__, '"'"'exec'"'"'))' install --record 'C:\Users\XLXJ\AppData\Local\Temp\pip-record-oltn_1w1\install-record.txt' --single-version-externally-managed --compile --install-headers 'C:\Users\XLXJ\anaconda3\envs\nodetrunk_37\Include\pygraphviz' Check the logs for full command output.

(nodetrunk_37) E:\NodeTrunk3>

(nodetrunk_37) E:\NodeTrunk3\Software\pygraphviz-1.5>python setup.py install
running install
include_dirs=None
library_dirs=None
running build
running build_py
creating build\lib.win-amd64-3.7
creating build\lib.win-amd64-3.7\pygraphviz
copying pygraphviz\agraph.py -> build\lib.win-amd64-3.7\pygraphviz
copying pygraphviz\graphviz.py -> build\lib.win-amd64-3.7\pygraphviz
copying pygraphviz\release.py -> build\lib.win-amd64-3.7\pygraphviz
copying pygraphviz\version.py -> build\lib.win-amd64-3.7\pygraphviz
copying pygraphviz\__init__.py -> build\lib.win-amd64-3.7\pygraphviz
creating build\lib.win-amd64-3.7\pygraphviz\tests
copying pygraphviz\tests\test.py -> build\lib.win-amd64-3.7\pygraphviz\tests
copying pygraphviz\tests\test_attributes.py -> build\lib.win-amd64-3.7\pygraphviz\tests
copying pygraphviz\tests\test_attribute_defaults.py -> build\lib.win-amd64-3.7\pygraphviz\tests
copying pygraphviz\tests\test_clear.py -> build\lib.win-amd64-3.7\pygraphviz\tests
copying pygraphviz\tests\test_drawing.py -> build\lib.win-amd64-3.7\pygraphviz\tests
copying pygraphviz\tests\test_edge_attributes.py -> build\lib.win-amd64-3.7\pygraphviz\tests
copying pygraphviz\tests\test_graph.py -> build\lib.win-amd64-3.7\pygraphviz\tests
copying pygraphviz\tests\test_html.py -> build\lib.win-amd64-3.7\pygraphviz\tests
copying pygraphviz\tests\test_layout.py -> build\lib.win-amd64-3.7\pygraphviz\tests
copying pygraphviz\tests\test_node_attributes.py -> build\lib.win-amd64-3.7\pygraphviz\tests
copying pygraphviz\tests\test_readwrite.py -> build\lib.win-amd64-3.7\pygraphviz\tests
copying pygraphviz\tests\test_setup.py -> build\lib.win-amd64-3.7\pygraphviz\tests
copying pygraphviz\tests\test_string.py -> build\lib.win-amd64-3.7\pygraphviz\tests
copying pygraphviz\tests\test_subgraph.py -> build\lib.win-amd64-3.7\pygraphviz\tests
copying pygraphviz\tests\test_unicode.py -> build\lib.win-amd64-3.7\pygraphviz\tests
copying pygraphviz\tests\__init__.py -> build\lib.win-amd64-3.7\pygraphviz\tests
running egg_info
writing pygraphviz.egg-info\PKG-INFO
writing dependency_links to pygraphviz.egg-info\dependency_links.txt
writing top-level names to pygraphviz.egg-info\top_level.txt
reading manifest file 'pygraphviz.egg-info\SOURCES.txt'
reading manifest template 'MANIFEST.in'
warning: no files found matching '*.png' under directory 'doc'
warning: no files found matching '*.html' under directory 'doc'
warning: no files found matching '*.txt' under directory 'doc'
warning: no files found matching '*.css' under directory 'doc'
warning: no previously-included files matching '*~' found anywhere in distribution
warning: no previously-included files matching '*.pyc' found anywhere in distribution
warning: no previously-included files matching '.svn' found anywhere in distribution
no previously-included directories found matching 'doc\build'
writing manifest file 'pygraphviz.egg-info\SOURCES.txt'
copying pygraphviz\graphviz.i -> build\lib.win-amd64-3.7\pygraphviz
copying pygraphviz\graphviz_wrap.c -> build\lib.win-amd64-3.7\pygraphviz
running build_ext
building 'pygraphviz._graphviz' extension
creating build\temp.win-amd64-3.7
creating build\temp.win-amd64-3.7\Release
creating build\temp.win-amd64-3.7\Release\pygraphviz
C:\Program Files (x86)\Microsoft Visual Studio 14.0\VC\BIN\x86_amd64\cl.exe /c /nologo /Ox /W3 /GL /DNDEBUG /MD "-IC:/Program Files/Graphviz2.38/include" "-IC:/Program Files/Graphviz2.38/include/graphviz" -IC:\Users\XLXJ\anaconda3\envs\nodetrunk_37\include -IC:\Users\XLXJ\anaconda3\envs\nodetrunk_37\include "-IC:\Program Files (x86)\Microsoft Visual Studio 14.0\VC\INCLUDE" "-IC:\Program Files (x86)\Windows Kits\10\include\10.0.10240.0\ucrt" /Tcpygraphviz/graphviz_wrap.c /Fobuild\temp.win-amd64-3.7\Release\pygraphviz/graphviz_wrap.obj
graphviz_wrap.c
c:\users\xlxj\anaconda3\envs\nodetrunk_37\include\pyconfig.h(203): fatal error C1083: Cannot open include file: 'basetsd.h': No such file or directory
error: command 'C:\\Program Files (x86)\\Microsoft Visual Studio 14.0\\VC\\BIN\\x86_amd64\\cl.exe' failed with exit status 2

(nodetrunk_37) E:\NodeTrunk3\Software\pygraphviz-1.5>python setup.py install
running install
include_dirs=None
library_dirs=None
running build
running build_py
running egg_info
writing pygraphviz.egg-info\PKG-INFO
writing dependency_links to pygraphviz.egg-info\dependency_links.txt
writing top-level names to pygraphviz.egg-info\top_level.txt
reading manifest file 'pygraphviz.egg-info\SOURCES.txt'
reading manifest template 'MANIFEST.in'
warning: no files found matching '*.png' under directory 'doc'
warning: no files found matching '*.html' under directory 'doc'
warning: no files found matching '*.txt' under directory 'doc'
warning: no files found matching '*.css' under directory 'doc'
warning: no previously-included files matching '*~' found anywhere in distribution
warning: no previously-included files matching '*.pyc' found anywhere in distribution
warning: no previously-included files matching '.svn' found anywhere in distribution
no previously-included directories found matching 'doc\build'
writing manifest file 'pygraphviz.egg-info\SOURCES.txt'
running build_ext
building 'pygraphviz._graphviz' extension
C:\Program Files (x86)\Microsoft Visual Studio 14.0\VC\BIN\x86_amd64\cl.exe /c /nologo /Ox /W3 /GL /DNDEBUG /MD "-IC:/Program Files/Graphviz2.38/include" "-IC:/Program Files/Graphviz2.38/include/graphviz" -IC:\Users\XLXJ\anaconda3\envs\nodetrunk_37\include -IC:\Users\XLXJ\anaconda3\envs\nodetrunk_37\include "-IC:\Program Files (x86)\Microsoft Visual Studio 14.0\VC\INCLUDE" "-IC:\Program Files (x86)\Windows Kits\10\include\10.0.10240.0\ucrt" /Tcpygraphviz/graphviz_wrap.c /Fobuild\temp.win-amd64-3.7\Release\pygraphviz/graphviz_wrap.obj
graphviz_wrap.c
pygraphviz/graphviz_wrap.c(3306): warning C4267: '=': conversion from 'size_t' to 'int', possible loss of data
pygraphviz/graphviz_wrap.c(3324): warning C4267: '=': conversion from 'size_t' to 'int', possible loss of data
pygraphviz/graphviz_wrap.c(3332): warning C4047: 'return': 'int' differs in levels of indirection from 'Agsym_t *'
C:\Program Files (x86)\Microsoft Visual Studio 14.0\VC\BIN\x86_amd64\link.exe /nologo /INCREMENTAL:NO /LTCG /DLL /MANIFEST:EMBED,ID=2 /MANIFESTUAC:NO "/LIBPATH:C:/Program Files/Graphviz2.38/lib" "/LIBPATH:C:/Program Files/Graphviz2.38/lib/release/lib" "/LIBPATH:C:/Users/XLXJ/AppData/Local/Programs/Common/Microsoft/Visual C++ for Python/9.0/WinSDK/Lib/x64" "/LIBPATH:C:/Program Files (x86)/Microsoft Visual Studio 14.0/VC/BIN/x86_amd64" /LIBPATH:C:\Users\XLXJ\anaconda3\envs\nodetrunk_37\libs /LIBPATH:C:\Users\XLXJ\anaconda3\envs\nodetrunk_37\PCbuild\amd64 "/LIBPATH:C:\Program Files (x86)\Microsoft Visual Studio 14.0\VC\LIB\amd64" "/LIBPATH:C:\Program Files (x86)\Windows Kits\10\lib\10.0.10240.0\ucrt\x64" cdt.lib cgraph.lib /EXPORT:PyInit__graphviz build\temp.win-amd64-3.7\Release\pygraphviz/graphviz_wrap.obj /OUT:build\lib.win-amd64-3.7\pygraphviz\_graphviz.cp37-win_amd64.pyd /IMPLIB:build\temp.win-amd64-3.7\Release\pygraphviz\_graphviz.cp37-win_amd64.lib
graphviz_wrap.obj : warning LNK4197: export 'PyInit__graphviz' specified multiple times; using first specification
   Creating library build\temp.win-amd64-3.7\Release\pygraphviz\_graphviz.cp37-win_amd64.lib and object build\temp.win-amd64-3.7\Release\pygraphviz\_graphviz.cp37-win_amd64.exp
Generating code
Finished generating code
running install_lib
creating C:\Users\XLXJ\anaconda3\envs\nodetrunk_37\Lib\site-packages\pygraphviz
copying build\lib.win-amd64-3.7\pygraphviz\agraph.py -> C:\Users\XLXJ\anaconda3\envs\nodetrunk_37\Lib\site-packages\pygraphviz
copying build\lib.win-amd64-3.7\pygraphviz\graphviz.i -> C:\Users\XLXJ\anaconda3\envs\nodetrunk_37\Lib\site-packages\pygraphviz
copying build\lib.win-amd64-3.7\pygraphviz\graphviz.py -> C:\Users\XLXJ\anaconda3\envs\nodetrunk_37\Lib\site-packages\pygraphviz
copying build\lib.win-amd64-3.7\pygraphviz\graphviz_wrap.c -> C:\Users\XLXJ\anaconda3\envs\nodetrunk_37\Lib\site-packages\pygraphviz
copying build\lib.win-amd64-3.7\pygraphviz\release.py -> C:\Users\XLXJ\anaconda3\envs\nodetrunk_37\Lib\site-packages\pygraphviz
creating C:\Users\XLXJ\anaconda3\envs\nodetrunk_37\Lib\site-packages\pygraphviz\tests
copying build\lib.win-amd64-3.7\pygraphviz\tests\test.py -> C:\Users\XLXJ\anaconda3\envs\nodetrunk_37\Lib\site-packages\pygraphviz\tests
copying build\lib.win-amd64-3.7\pygraphviz\tests\test_attributes.py -> C:\Users\XLXJ\anaconda3\envs\nodetrunk_37\Lib\site-packages\pygraphviz\tests
copying build\lib.win-amd64-3.7\pygraphviz\tests\test_attribute_defaults.py -> C:\Users\XLXJ\anaconda3\envs\nodetrunk_37\Lib\site-packages\pygraphviz\tests
copying build\lib.win-amd64-3.7\pygraphviz\tests\test_clear.py -> C:\Users\XLXJ\anaconda3\envs\nodetrunk_37\Lib\site-packages\pygraphviz\tests
copying build\lib.win-amd64-3.7\pygraphviz\tests\test_drawing.py -> C:\Users\XLXJ\anaconda3\envs\nodetrunk_37\Lib\site-packages\pygraphviz\tests
copying build\lib.win-amd64-3.7\pygraphviz\tests\test_edge_attributes.py -> C:\Users\XLXJ\anaconda3\envs\nodetrunk_37\Lib\site-packages\pygraphviz\tests
copying build\lib.win-amd64-3.7\pygraphviz\tests\test_graph.py -> C:\Users\XLXJ\anaconda3\envs\nodetrunk_37\Lib\site-packages\pygraphviz\tests
copying build\lib.win-amd64-3.7\pygraphviz\tests\test_html.py -> C:\Users\XLXJ\anaconda3\envs\nodetrunk_37\Lib\site-packages\pygraphviz\tests
copying build\lib.win-amd64-3.7\pygraphviz\tests\test_layout.py -> C:\Users\XLXJ\anaconda3\envs\nodetrunk_37\Lib\site-packages\pygraphviz\tests
copying build\lib.win-amd64-3.7\pygraphviz\tests\test_node_attributes.py -> C:\Users\XLXJ\anaconda3\envs\nodetrunk_37\Lib\site-packages\pygraphviz\tests
copying build\lib.win-amd64-3.7\pygraphviz\tests\test_readwrite.py -> C:\Users\XLXJ\anaconda3\envs\nodetrunk_37\Lib\site-packages\pygraphviz\tests
copying build\lib.win-amd64-3.7\pygraphviz\tests\test_setup.py -> C:\Users\XLXJ\anaconda3\envs\nodetrunk_37\Lib\site-packages\pygraphviz\tests
copying build\lib.win-amd64-3.7\pygraphviz\tests\test_string.py -> C:\Users\XLXJ\anaconda3\envs\nodetrunk_37\Lib\site-packages\pygraphviz\tests
copying build\lib.win-amd64-3.7\pygraphviz\tests\test_subgraph.py -> C:\Users\XLXJ\anaconda3\envs\nodetrunk_37\Lib\site-packages\pygraphviz\tests
copying build\lib.win-amd64-3.7\pygraphviz\tests\test_unicode.py -> C:\Users\XLXJ\anaconda3\envs\nodetrunk_37\Lib\site-packages\pygraphviz\tests
copying build\lib.win-amd64-3.7\pygraphviz\tests\__init__.py -> C:\Users\XLXJ\anaconda3\envs\nodetrunk_37\Lib\site-packages\pygraphviz\tests
copying build\lib.win-amd64-3.7\pygraphviz\version.py -> C:\Users\XLXJ\anaconda3\envs\nodetrunk_37\Lib\site-packages\pygraphviz
copying build\lib.win-amd64-3.7\pygraphviz\_graphviz.cp37-win_amd64.pyd -> C:\Users\XLXJ\anaconda3\envs\nodetrunk_37\Lib\site-packages\pygraphviz
copying build\lib.win-amd64-3.7\pygraphviz\__init__.py -> C:\Users\XLXJ\anaconda3\envs\nodetrunk_37\Lib\site-packages\pygraphviz
byte-compiling C:\Users\XLXJ\anaconda3\envs\nodetrunk_37\Lib\site-packages\pygraphviz\agraph.py to agraph.cpython-37.pyc
byte-compiling C:\Users\XLXJ\anaconda3\envs\nodetrunk_37\Lib\site-packages\pygraphviz\graphviz.py to graphviz.cpython-37.pyc
byte-compiling C:\Users\XLXJ\anaconda3\envs\nodetrunk_37\Lib\site-packages\pygraphviz\release.py to release.cpython-37.pyc
byte-compiling C:\Users\XLXJ\anaconda3\envs\nodetrunk_37\Lib\site-packages\pygraphviz\tests\test.py to test.cpython-37.pyc
byte-compiling C:\Users\XLXJ\anaconda3\envs\nodetrunk_37\Lib\site-packages\pygraphviz\tests\test_attributes.py to test_attributes.cpython-37.pyc
byte-compiling C:\Users\XLXJ\anaconda3\envs\nodetrunk_37\Lib\site-packages\pygraphviz\tests\test_attribute_defaults.py to test_attribute_defaults.cpython-37.pyc
byte-compiling C:\Users\XLXJ\anaconda3\envs\nodetrunk_37\Lib\site-packages\pygraphviz\tests\test_clear.py to test_clear.cpython-37.pyc
byte-compiling C:\Users\XLXJ\anaconda3\envs\nodetrunk_37\Lib\site-packages\pygraphviz\tests\test_drawing.py to test_drawing.cpython-37.pyc
byte-compiling C:\Users\XLXJ\anaconda3\envs\nodetrunk_37\Lib\site-packages\pygraphviz\tests\test_edge_attributes.py to test_edge_attributes.cpython-37.pyc
byte-compiling C:\Users\XLXJ\anaconda3\envs\nodetrunk_37\Lib\site-packages\pygraphviz\tests\test_graph.py to test_graph.cpython-37.pyc
byte-compiling C:\Users\XLXJ\anaconda3\envs\nodetrunk_37\Lib\site-packages\pygraphviz\tests\test_html.py to test_html.cpython-37.pyc
byte-compiling C:\Users\XLXJ\anaconda3\envs\nodetrunk_37\Lib\site-packages\pygraphviz\tests\test_layout.py to test_layout.cpython-37.pyc
byte-compiling C:\Users\XLXJ\anaconda3\envs\nodetrunk_37\Lib\site-packages\pygraphviz\tests\test_node_attributes.py to test_node_attributes.cpython-37.pyc
byte-compiling C:\Users\XLXJ\anaconda3\envs\nodetrunk_37\Lib\site-packages\pygraphviz\tests\test_readwrite.py to test_readwrite.cpython-37.pyc
byte-compiling C:\Users\XLXJ\anaconda3\envs\nodetrunk_37\Lib\site-packages\pygraphviz\tests\test_setup.py to test_setup.cpython-37.pyc
byte-compiling C:\Users\XLXJ\anaconda3\envs\nodetrunk_37\Lib\site-packages\pygraphviz\tests\test_string.py to test_string.cpython-37.pyc
byte-compiling C:\Users\XLXJ\anaconda3\envs\nodetrunk_37\Lib\site-packages\pygraphviz\tests\test_subgraph.py to test_subgraph.cpython-37.pyc
byte-compiling C:\Users\XLXJ\anaconda3\envs\nodetrunk_37\Lib\site-packages\pygraphviz\tests\test_unicode.py to test_unicode.cpython-37.pyc
byte-compiling C:\Users\XLXJ\anaconda3\envs\nodetrunk_37\Lib\site-packages\pygraphviz\tests\__init__.py to __init__.cpython-37.pyc
byte-compiling C:\Users\XLXJ\anaconda3\envs\nodetrunk_37\Lib\site-packages\pygraphviz\version.py to version.cpython-37.pyc
byte-compiling C:\Users\XLXJ\anaconda3\envs\nodetrunk_37\Lib\site-packages\pygraphviz\__init__.py to __init__.cpython-37.pyc
running install_data
creating C:\Users\XLXJ\anaconda3\envs\nodetrunk_37\share\doc\pygraphviz-1.5
copying INSTALL.txt -> C:\Users\XLXJ\anaconda3\envs\nodetrunk_37\share\doc\pygraphviz-1.5
creating C:\Users\XLXJ\anaconda3\envs\nodetrunk_37\share\doc\pygraphviz-1.5\examples
copying examples\attributes.py -> C:\Users\XLXJ\anaconda3\envs\nodetrunk_37\share\doc\pygraphviz-1.5\examples
copying examples\django_simple.py -> C:\Users\XLXJ\anaconda3\envs\nodetrunk_37\share\doc\pygraphviz-1.5\examples
copying examples\miles.py -> C:\Users\XLXJ\anaconda3\envs\nodetrunk_37\share\doc\pygraphviz-1.5\examples
copying examples\simple.py -> C:\Users\XLXJ\anaconda3\envs\nodetrunk_37\share\doc\pygraphviz-1.5\examples
copying examples\star.py -> C:\Users\XLXJ\anaconda3\envs\nodetrunk_37\share\doc\pygraphviz-1.5\examples
copying examples\subgraph.py -> C:\Users\XLXJ\anaconda3\envs\nodetrunk_37\share\doc\pygraphviz-1.5\examples
copying examples\utf8_encoding.py -> C:\Users\XLXJ\anaconda3\envs\nodetrunk_37\share\doc\pygraphviz-1.5\examples
running install_egg_info
Copying pygraphviz.egg-info to C:\Users\XLXJ\anaconda3\envs\nodetrunk_37\Lib\site-packages\pygraphviz-1.5-py3.7.egg-info
running install_scripts

(nodetrunk_37) E:\NodeTrunk3\Software\pygraphviz-1.5>



(nodetrunk_37) E:\NodeTrunk3\Software>python
Python 3.7.7 (default, May  6 2020, 11:45:54) [MSC v.1916 64 bit (AMD64)] :: Anaconda, Inc. on win32
Type "help", "copyright", "credits" or "license" for more information.
Failed calling sys.__interactivehook__
Traceback (most recent call last):
  File "C:\Users\XLXJ\anaconda3\envs\nodetrunk_37\lib\site.py", line 439, in register_readline
    readline.read_history_file(history)
  File "C:\Users\XLXJ\anaconda3\envs\nodetrunk_37\lib\site-packages\pyreadline\rlmain.py", line 165, in read_history_file
    self.mode._history.read_history_file(filename)
  File "C:\Users\XLXJ\anaconda3\envs\nodetrunk_37\lib\site-packages\pyreadline\lineeditor\history.py", line 82, in read_history_file
    for line in open(filename, 'r'):
UnicodeDecodeError: 'gbk' codec can't decode byte 0xaf in position 1026: illegal multibyte sequence
>>> import pygraphviz
Traceback (most recent call last):
  File "<stdin>", line 1, in <module>
  File "C:\Users\XLXJ\anaconda3\envs\nodetrunk_37\lib\site-packages\pygraphviz\__init__.py", line 58, in <module>
    from .agraph import AGraph, Node, Edge, Attribute, ItemAttribute, DotError
  File "C:\Users\XLXJ\anaconda3\envs\nodetrunk_37\lib\site-packages\pygraphviz\agraph.py", line 22, in <module>
    from . import graphviz as gv
  File "C:\Users\XLXJ\anaconda3\envs\nodetrunk_37\lib\site-packages\pygraphviz\graphviz.py", line 317, in <module>
    _graphviz.AGRAPH_swigconstant(_graphviz)
AttributeError: module '_graphviz' has no attribute 'AGRAPH_swigconstant'
>>> exit()

(nodetrunk_37) E:\NodeTrunk3\Software>pip uninstall pygraphviz
Found existing installation: pygraphviz 1.5
Uninstalling pygraphviz-1.5:
  Would remove:
    c:\users\xlxj\anaconda3\envs\nodetrunk_37\lib\site-packages\pygraphviz
    c:\users\xlxj\anaconda3\envs\nodetrunk_37\lib\site-packages\pygraphviz-1.5-py3.7.egg-info
Proceed (y/n)? y
  Successfully uninstalled pygraphviz-1.5

(nodetrunk_37) E:\NodeTrunk3\Software>pip install pygraphviz-1.5-cp37-cp37m-win_amd64.whl
Processing e:\nodetrunk3\software\pygraphviz-1.5-cp37-cp37m-win_amd64.whl
ERROR: Exception:
Traceback (most recent call last):
  File "C:\Users\XLXJ\anaconda3\envs\nodetrunk_37\lib\site-packages\pip\_internal\cli\base_command.py", line 188, in _main
    status = self.run(options, args)
  File "C:\Users\XLXJ\anaconda3\envs\nodetrunk_37\lib\site-packages\pip\_internal\cli\req_command.py", line 185, in wrapper
    return func(self, options, args)
  File "C:\Users\XLXJ\anaconda3\envs\nodetrunk_37\lib\site-packages\pip\_internal\commands\install.py", line 333, in run
    reqs, check_supported_wheels=not options.target_dir
  File "C:\Users\XLXJ\anaconda3\envs\nodetrunk_37\lib\site-packages\pip\_internal\resolution\legacy\resolver.py", line 179, in resolve
    discovered_reqs.extend(self._resolve_one(requirement_set, req))
  File "C:\Users\XLXJ\anaconda3\envs\nodetrunk_37\lib\site-packages\pip\_internal\resolution\legacy\resolver.py", line 362, in _resolve_one
    abstract_dist = self._get_abstract_dist_for(req_to_install)
  File "C:\Users\XLXJ\anaconda3\envs\nodetrunk_37\lib\site-packages\pip\_internal\resolution\legacy\resolver.py", line 314, in _get_abstract_dist_for
    abstract_dist = self.preparer.prepare_linked_requirement(req)
  File "C:\Users\XLXJ\anaconda3\envs\nodetrunk_37\lib\site-packages\pip\_internal\operations\prepare.py", line 469, in prepare_linked_requirement
    hashes=hashes,
  File "C:\Users\XLXJ\anaconda3\envs\nodetrunk_37\lib\site-packages\pip\_internal\operations\prepare.py", line 264, in unpack_url
    unpack_file(file.path, location, file.content_type)
  File "C:\Users\XLXJ\anaconda3\envs\nodetrunk_37\lib\site-packages\pip\_internal\utils\unpacking.py", line 252, in unpack_file
    flatten=not filename.endswith('.whl')
  File "C:\Users\XLXJ\anaconda3\envs\nodetrunk_37\lib\site-packages\pip\_internal\utils\unpacking.py", line 114, in unzip_file
    zip = zipfile.ZipFile(zipfp, allowZip64=True)
  File "C:\Users\XLXJ\anaconda3\envs\nodetrunk_37\lib\zipfile.py", line 1258, in __init__
    self._RealGetContents()
  File "C:\Users\XLXJ\anaconda3\envs\nodetrunk_37\lib\zipfile.py", line 1325, in _RealGetContents
    raise BadZipFile("File is not a zip file")
zipfile.BadZipFile: File is not a zip file

(nodetrunk_37) E:\NodeTrunk3\Software>conda install graphviz pygraphviz -c alubbock
